This file contains any messages produced by compilers while
running configure, to aid debugging if configure makes a mistake.

It was created by configure, which was
generated by GNU Autoconf 2.69.  Invocation command line was

  $ ./configure 

## --------- ##
## Platform. ##
## --------- ##

hostname = EC2AMAZ-H72VJA4
uname -m = x86_64
uname -r = 3.1.7-340.x86_64
uname -s = MINGW64_NT-10.0-14393
uname -v = 2020-10-23 13:08 UTC

/usr/bin/uname -p = unknown
/bin/uname -X     = unknown

/bin/arch              = x86_64
/usr/bin/arch -k       = unknown
/usr/convex/getsysinfo = unknown
/usr/bin/hostinfo      = unknown
/bin/machine           = unknown
/usr/bin/oslevel       = unknown
/bin/universe          = unknown

PATH: /d/Users/yoshiaki.tokuyama/bin
PATH: /mingw64/bin
PATH: /usr/local/bin
PATH: /usr/bin
PATH: /bin
PATH: /mingw64/bin
PATH: /usr/bin
PATH: /d/Users/yoshiaki.tokuyama/bin
PATH: /c/ProgramData/Oracle/Java/javapath
PATH: /c/Windows/system32
PATH: /c/Windows
PATH: /c/Windows/System32/Wbem
PATH: /c/Windows/System32/WindowsPowerShell/v1.0
PATH: /c/Program Files/Amazon/cfn-bootstrap
PATH: /cmd
PATH: /c/Program Files/Microsoft VS Code/bin
PATH: /d/Users/yoshiaki.tokuyama/AppData/Local/Microsoft/WindowsApps
PATH: /d/Users/yoshiaki.tokuyama/AppData/Local/atom/bin
PATH: /usr/bin/vendor_perl
PATH: /usr/bin/core_perl


## ----------- ##
## Core tests. ##
## ----------- ##

configure:2656: checking for a BSD-compatible install
configure:2724: result: /usr/bin/install -c
configure:2735: checking whether build environment is sane
configure:2790: result: yes
configure:2941: checking for a thread-safe mkdir -p
configure:2980: result: /usr/bin/mkdir -p
configure:2987: checking for gawk
configure:3003: found /usr/bin/gawk
configure:3014: result: gawk
configure:3025: checking whether make sets $(MAKE)
configure:3051: result: no
configure:3076: checking whether make supports nested variables
configure:3093: result: no
configure:3220: checking whether to enable maintainer-specific portions of Makefiles
configure:3229: result: no
configure:3304: checking for gcc
configure:3334: result: no
configure:3397: checking for cc
configure:3444: result: no
configure:3500: checking for cl.exe
configure:3530: result: no
configure:3554: error: in `/d/Users/yoshiaki.tokuyama/Documents/codes/nlp_100_knocks/env/ref/cabocha-0.69':
configure:3556: error: no acceptable C compiler found in $PATH
See `config.log' for more details

## ---------------- ##
## Cache variables. ##
## ---------------- ##

ac_cv_env_CCC_set=
ac_cv_env_CCC_value=
ac_cv_env_CC_set=
ac_cv_env_CC_value=
ac_cv_env_CFLAGS_set=
ac_cv_env_CFLAGS_value=
ac_cv_env_CPPFLAGS_set=
ac_cv_env_CPPFLAGS_value=
ac_cv_env_CPP_set=
ac_cv_env_CPP_value=
ac_cv_env_CXXCPP_set=
ac_cv_env_CXXCPP_value=
ac_cv_env_CXXFLAGS_set=
ac_cv_env_CXXFLAGS_value=
ac_cv_env_CXX_set=
ac_cv_env_CXX_value=
ac_cv_env_LDFLAGS_set=
ac_cv_env_LDFLAGS_value=
ac_cv_env_LIBS_set=
ac_cv_env_LIBS_value=
ac_cv_env_build_alias_set=
ac_cv_env_build_alias_value=
ac_cv_env_host_alias_set=
ac_cv_env_host_alias_value=
ac_cv_env_target_alias_set=
ac_cv_env_target_alias_value=
ac_cv_path_install='/usr/bin/install -c'
ac_cv_path_mkdir=/usr/bin/mkdir
ac_cv_prog_AWK=gawk
ac_cv_prog_make_make_set=no
am_cv_make_support_nested_variables=no

## ----------------- ##
## Output variables. ##
## ----------------- ##

ACLOCAL='${SHELL} /d/Users/yoshiaki.tokuyama/Documents/codes/nlp_100_knocks/env/ref/cabocha-0.69/missing aclocal-1.14'
AMDEPBACKSLASH=''
AMDEP_FALSE=''
AMDEP_TRUE=''
AMTAR='$${TAR-tar}'
AM_BACKSLASH='\'
AM_DEFAULT_V='1'
AM_DEFAULT_VERBOSITY='1'
AM_V='1'
AR=''
AS=''
AUTOCONF='${SHELL} /d/Users/yoshiaki.tokuyama/Documents/codes/nlp_100_knocks/env/ref/cabocha-0.69/missing autoconf'
AUTOHEADER='${SHELL} /d/Users/yoshiaki.tokuyama/Documents/codes/nlp_100_knocks/env/ref/cabocha-0.69/missing autoheader'
AUTOMAKE='${SHELL} /d/Users/yoshiaki.tokuyama/Documents/codes/nlp_100_knocks/env/ref/cabocha-0.69/missing automake-1.14'
AWK='gawk'
CABOCHA_DEFAULT_RC=''
CABOCHA_LIBS=''
CABOCHA_MODEL_LIST=''
CABOCHA_TXTMODEL_LIST=''
CABOCHA_USE_UTF8_ONLY=''
CC=''
CCDEPMODE=''
CFLAGS=''
CHARSET=''
CPP=''
CPPFLAGS=''
CXX=''
CXXCPP=''
CXXDEPMODE=''
CXXFLAGS=''
CYGPATH_W='cygpath -w'
DEFS=''
DEPDIR=''
DLLTOOL=''
DSYMUTIL=''
DUMPBIN=''
ECHO_C=''
ECHO_N='-n'
ECHO_T=''
EGREP=''
EXEEXT=''
FGREP=''
GREP=''
INSTALL_DATA='${INSTALL} -m 644'
INSTALL_PROGRAM='${INSTALL}'
INSTALL_SCRIPT='${INSTALL}'
INSTALL_STRIP_PROGRAM='$(install_sh) -c -s'
LD=''
LDFLAGS=''
LIBICONV=''
LIBOBJS=''
LIBS=''
LIBTOOL=''
LIPO=''
LN_S=''
LTLIBICONV=''
LTLIBOBJS=''
LTVERSION='5:0:0'
MAINT='#'
MAINTAINER_MODE_FALSE=''
MAINTAINER_MODE_TRUE='#'
MAKEINFO='${SHELL} /d/Users/yoshiaki.tokuyama/Documents/codes/nlp_100_knocks/env/ref/cabocha-0.69/missing makeinfo'
MANIFEST_TOOL=''
MECAB_CFLAGS=''
MECAB_CONFIG=''
MKDIR_P='/usr/bin/mkdir -p'
MODEL_VERSION='102'
NM=''
NMEDIT=''
OBJDUMP=''
OBJEXT=''
OTOOL64=''
OTOOL=''
PACKAGE='cabocha'
PACKAGE_BUGREPORT=''
PACKAGE_NAME=''
PACKAGE_STRING=''
PACKAGE_TARNAME=''
PACKAGE_URL=''
PACKAGE_VERSION=''
PATH_SEPARATOR=':'
POSSET2=''
POSSET=''
RANLIB=''
SED=''
SET_MAKE='MAKE=make'
SHELL='/bin/sh'
STRIP=''
VERSION='0.69'
ac_ct_AR=''
ac_ct_CC=''
ac_ct_CXX=''
ac_ct_DUMPBIN=''
am__EXEEXT_FALSE=''
am__EXEEXT_TRUE=''
am__fastdepCC_FALSE=''
am__fastdepCC_TRUE=''
am__fastdepCXX_FALSE=''
am__fastdepCXX_TRUE=''
am__include=''
am__isrc=''
am__leading_dot='.'
am__nodep=''
am__quote=''
am__tar='$${TAR-tar} chof - "$$tardir"'
am__untar='$${TAR-tar} xf -'
bindir='${exec_prefix}/bin'
build=''
build_alias=''
build_cpu=''
build_os=''
build_vendor=''
datadir='${datarootdir}'
datarootdir='${prefix}/share'
docdir='${datarootdir}/doc/${PACKAGE}'
dvidir='${docdir}'
exec_prefix='NONE'
host=''
host_alias=''
host_cpu=''
host_os=''
host_vendor=''
htmldir='${docdir}'
includedir='${prefix}/include'
infodir='${datarootdir}/info'
install_sh='${SHELL} /d/Users/yoshiaki.tokuyama/Documents/codes/nlp_100_knocks/env/ref/cabocha-0.69/install-sh'
libdir='${exec_prefix}/lib'
libexecdir='${exec_prefix}/libexec'
localedir='${datarootdir}/locale'
localstatedir='${prefix}/var'
mandir='${datarootdir}/man'
mkdir_p='$(MKDIR_P)'
oldincludedir='/usr/include'
pdfdir='${docdir}'
prefix='NONE'
program_transform_name='s,x,x,'
psdir='${docdir}'
sbindir='${exec_prefix}/sbin'
sharedstatedir='${prefix}/com'
sysconfdir='${prefix}/etc'
target_alias=''

## ----------- ##
## confdefs.h. ##
## ----------- ##

/* confdefs.h */
#define PACKAGE_NAME ""
#define PACKAGE_TARNAME ""
#define PACKAGE_VERSION ""
#define PACKAGE_STRING ""
#define PACKAGE_BUGREPORT ""
#define PACKAGE_URL ""
#define PACKAGE "cabocha"
#define VERSION "0.69"

configure: exit 1
